<?xml version="1.0" encoding="UTF-8"?>
<!-- Generated by org.testng.reporters.JUnitReportReporter -->
<testsuite hostname="LVDXB105886" failures="0" tests="1" name="testsuite.PNRTest" time="3.839" errors="0" timestamp="2024-03-25T22:47:10 GST" skipped="0">
  <testcase classname="testsuite.PNRTest" name="PNR_Creation" time="3.839"/>
  <system-out/>
</testsuite> <!-- testsuite.PNRTest -->
