<?xml version="1.0" encoding="UTF-8"?>
<!-- Generated by org.testng.reporters.JUnitReportReporter -->
<testsuite hostname="LVDXB105886" failures="0" tests="1" name="testsuite.PNRTest" time="5.861" errors="0" timestamp="2024-03-25T20:42:24 GST" skipped="0">
  <testcase classname="testsuite.PNRTest" name="PNR_Creation" time="5.861"/>
  <system-out/>
</testsuite> <!-- testsuite.PNRTest -->
